# JRE version: Java(TM) SE Runtime Environment (8.0_111-b14) (build 1.8.0_111-b14)
# Java VM: Java HotSpot(TM) 64-Bit Server VM (25.111-b14 mixed mode windows-amd64 compressed oops)
Heap:
 PSYoungGen      total 106496K, used 80981K [0x00000000eab00000, 0x00000000f4380000, 0x0000000100000000)
  eden space 91648K, 76% used [0x00000000eab00000,0x00000000eef49730,0x00000000f0480000)
  from space 14848K, 74% used [0x00000000f0480000,0x00000000f0f4be48,0x00000000f1300000)
  to   space 15872K, 0% used [0x00000000f3400000,0x00000000f3400000,0x00000000f4380000)
 ParOldGen       total 45056K, used 22325K [0x00000000c0000000, 0x00000000c2c00000, 0x00000000eab00000)
  object space 45056K, 49% used [0x00000000c0000000,0x00000000c15cd540,0x00000000c2c00000)
 Metaspace       used 44649K, capacity 45706K, committed 45992K, reserved 1089536K
  class space    used 6252K, capacity 6517K, committed 6568K, reserved 1048576K
GC Heap History (10 events):
Event: 27.930 GC heap before
{Heap before GC invocations=11 (full 1):
 PSYoungGen      total 70656K, used 69704K [0x00000000eab00000, 0x00000000f0800000, 0x0000000100000000)
  eden space 62976K, 100% used [0x00000000eab00000,0x00000000ee880000,0x00000000ee880000)
  from space 7680K, 87% used [0x00000000ee880000,0x00000000eef12098,0x00000000ef000000)
  to   space 8704K, 0% used [0x00000000eff80000,0x00000000eff80000,0x00000000f0800000)
 ParOldGen       total 25088K, used 8302K [0x00000000c0000000, 0x00000000c1880000, 0x00000000eab00000)
  object space 25088K, 33% used [0x00000000c0000000,0x00000000c081b860,0x00000000c1880000)
 Metaspace       used 29616K, capacity 30096K, committed 30336K, reserved 1075200K
  class space    used 4036K, capacity 4194K, committed 4224K, reserved 1048576K
Event: 27.955 GC heap after
Heap after GC invocations=11 (full 1):
 PSYoungGen      total 84480K, used 8157K [0x00000000eab00000, 0x00000000f0800000, 0x0000000100000000)
  eden space 75776K, 0% used [0x00000000eab00000,0x00000000eab00000,0x00000000ef500000)
  from space 8704K, 93% used [0x00000000eff80000,0x00000000f0777788,0x00000000f0800000)
  to   space 9728K, 0% used [0x00000000ef500000,0x00000000ef500000,0x00000000efe80000)
 ParOldGen       total 25088K, used 8374K [0x00000000c0000000, 0x00000000c1880000, 0x00000000eab00000)
  object space 25088K, 33% used [0x00000000c0000000,0x00000000c082d870,0x00000000c1880000)
 Metaspace       used 29616K, capacity 30096K, committed 30336K, reserved 1075200K
  class space    used 4036K, capacity 4194K, committed 4224K, reserved 1048576K
}
Event: 31.408 GC heap before
{Heap before GC invocations=12 (full 1):
 PSYoungGen      total 84480K, used 83933K [0x00000000eab00000, 0x00000000f0800000, 0x0000000100000000)
  eden space 75776K, 100% used [0x00000000eab00000,0x00000000ef500000,0x00000000ef500000)
  from space 8704K, 93% used [0x00000000eff80000,0x00000000f0777788,0x00000000f0800000)
  to   space 9728K, 0% used [0x00000000ef500000,0x00000000ef500000,0x00000000efe80000)
 ParOldGen       total 25088K, used 8374K [0x00000000c0000000, 0x00000000c1880000, 0x00000000eab00000)
  object space 25088K, 33% used [0x00000000c0000000,0x00000000c082d870,0x00000000c1880000)
 Metaspace       used 33233K, capacity 33896K, committed 34048K, reserved 1079296K
  class space    used 4526K, capacity 4740K, committed 4864K, reserved 1048576K
Event: 31.465 GC heap after
Heap after GC invocations=12 (full 1):
 PSYoungGen      total 85504K, used 9715K [0x00000000eab00000, 0x00000000f2000000, 0x0000000100000000)
  eden space 75776K, 0% used [0x00000000eab00000,0x00000000eab00000,0x00000000ef500000)
  from space 9728K, 99% used [0x00000000ef500000,0x00000000efe7ce18,0x00000000efe80000)
  to   space 13312K, 0% used [0x00000000f1300000,0x00000000f1300000,0x00000000f2000000)
 ParOldGen       total 25088K, used 14260K [0x00000000c0000000, 0x00000000c1880000, 0x00000000eab00000)
  object space 25088K, 56% used [0x00000000c0000000,0x00000000c0ded2e0,0x00000000c1880000)
 Metaspace       used 33233K, capacity 33896K, committed 34048K, reserved 1079296K
  class space    used 4526K, capacity 4740K, committed 4864K, reserved 1048576K
}
Event: 32.268 GC heap before
{Heap before GC invocations=13 (full 1):
 PSYoungGen      total 85504K, used 29690K [0x00000000eab00000, 0x00000000f2000000, 0x0000000100000000)
  eden space 75776K, 26% used [0x00000000eab00000,0x00000000ebe81a00,0x00000000ef500000)
  from space 9728K, 99% used [0x00000000ef500000,0x00000000efe7ce18,0x00000000efe80000)
  to   space 13312K, 0% used [0x00000000f1300000,0x00000000f1300000,0x00000000f2000000)
 ParOldGen       total 25088K, used 14260K [0x00000000c0000000, 0x00000000c1880000, 0x00000000eab00000)
  object space 25088K, 56% used [0x00000000c0000000,0x00000000c0ded2e0,0x00000000c1880000)
 Metaspace       used 34702K, capacity 35394K, committed 35496K, reserved 1079296K
  class space    used 4772K, capacity 5005K, committed 5032K, reserved 1048576K
Event: 32.357 GC heap after
Heap after GC invocations=13 (full 1):
 PSYoungGen      total 104960K, used 11938K [0x00000000eab00000, 0x00000000f2e80000, 0x0000000100000000)
  eden space 91648K, 0% used [0x00000000eab00000,0x00000000eab00000,0x00000000f0480000)
  from space 13312K, 89% used [0x00000000f1300000,0x00000000f1ea89b0,0x00000000f2000000)
  to   space 14848K, 0% used [0x00000000f0480000,0x00000000f0480000,0x00000000f1300000)
 ParOldGen       total 25088K, used 14268K [0x00000000c0000000, 0x00000000c1880000, 0x00000000eab00000)
  object space 25088K, 56% used [0x00000000c0000000,0x00000000c0def2e0,0x00000000c1880000)
 Metaspace       used 34702K, capacity 35394K, committed 35496K, reserved 1079296K
  class space    used 4772K, capacity 5005K, committed 5032K, reserved 1048576K
}
Event: 32.357 GC heap before
{Heap before GC invocations=14 (full 2):
 PSYoungGen      total 104960K, used 11938K [0x00000000eab00000, 0x00000000f2e80000, 0x0000000100000000)
  eden space 91648K, 0% used [0x00000000eab00000,0x00000000eab00000,0x00000000f0480000)
  from space 13312K, 89% used [0x00000000f1300000,0x00000000f1ea89b0,0x00000000f2000000)
  to   space 14848K, 0% used [0x00000000f0480000,0x00000000f0480000,0x00000000f1300000)
 ParOldGen       total 25088K, used 14268K [0x00000000c0000000, 0x00000000c1880000, 0x00000000eab00000)
  object space 25088K, 56% used [0x00000000c0000000,0x00000000c0def2e0,0x00000000c1880000)
 Metaspace       used 34702K, capacity 35394K, committed 35496K, reserved 1079296K
  class space    used 4772K, capacity 5005K, committed 5032K, reserved 1048576K
Event: 32.767 GC heap after
Heap after GC invocations=14 (full 2):
 PSYoungGen      total 104960K, used 0K [0x00000000eab00000, 0x00000000f2e80000, 0x0000000100000000)
  eden space 91648K, 0% used [0x00000000eab00000,0x00000000eab00000,0x00000000f0480000)
  from space 13312K, 0% used [0x00000000f1300000,0x00000000f1300000,0x00000000f2000000)
  to   space 14848K, 0% used [0x00000000f0480000,0x00000000f0480000,0x00000000f1300000)
 ParOldGen       total 45056K, used 22317K [0x00000000c0000000, 0x00000000c2c00000, 0x00000000eab00000)
  object space 45056K, 49% used [0x00000000c0000000,0x00000000c15cb540,0x00000000c2c00000)
 Metaspace       used 34702K, capacity 35394K, committed 35496K, reserved 1079296K
  class space    used 4772K, capacity 5005K, committed 5032K, reserved 1048576K
}
Event: 38.730 GC heap before
{Heap before GC invocations=15 (full 2):
 PSYoungGen      total 104960K, used 91648K [0x00000000eab00000, 0x00000000f2e80000, 0x0000000100000000)
  eden space 91648K, 100% used [0x00000000eab00000,0x00000000f0480000,0x00000000f0480000)
  from space 13312K, 0% used [0x00000000f1300000,0x00000000f1300000,0x00000000f2000000)
  to   space 14848K, 0% used [0x00000000f0480000,0x00000000f0480000,0x00000000f1300000)
 ParOldGen       total 45056K, used 22317K [0x00000000c0000000, 0x00000000c2c00000, 0x00000000eab00000)
  object space 45056K, 49% used [0x00000000c0000000,0x00000000c15cb540,0x00000000c2c00000)
 Metaspace       used 42032K, capacity 42910K, committed 43048K, reserved 1085440K
  class space    used 5852K, capacity 6097K, committed 6184K, reserved 1048576K
Event: 38.777 GC heap after
Heap after GC invocations=15 (full 2):
 PSYoungGen      total 106496K, used 11055K [0x00000000eab00000, 0x00000000f4380000, 0x0000000100000000)
  eden space 91648K, 0% used [0x00000000eab00000,0x00000000eab00000,0x00000000f0480000)
  from space 14848K, 74% used [0x00000000f0480000,0x00000000f0f4be48,0x00000000f1300000)
  to   space 15872K, 0% used [0x00000000f3400000,0x00000000f3400000,0x00000000f4380000)
 ParOldGen       total 45056K, used 22325K [0x00000000c0000000, 0x00000000c2c00000, 0x00000000eab00000)
  object space 45056K, 49% used [0x00000000c0000000,0x00000000c15cd540,0x00000000c2c00000)
 Metaspace       used 42032K, capacity 42910K, committed 43048K, reserved 1085440K
  class space    used 5852K, capacity 6097K, committed 6184K, reserved 1048576K
}

