# JRE version: Java(TM) SE Runtime Environment (8.0_111-b14) (build 1.8.0_111-b14)
# Java VM: Java HotSpot(TM) 64-Bit Server VM (25.111-b14 mixed mode windows-amd64 compressed oops)
Heap:
 PSYoungGen      total 213504K, used 59071K [0x00000000eab00000, 0x00000000f9600000, 0x0000000100000000)
  eden space 187392K, 31% used [0x00000000eab00000,0x00000000ee4afd08,0x00000000f6200000)
  from space 26112K, 0% used [0x00000000f7c80000,0x00000000f7c80000,0x00000000f9600000)
  to   space 26624K, 0% used [0x00000000f6200000,0x00000000f6200000,0x00000000f7c00000)
 ParOldGen       total 82944K, used 45563K [0x00000000c0000000, 0x00000000c5100000, 0x00000000eab00000)
  object space 82944K, 54% used [0x00000000c0000000,0x00000000c2c7ef40,0x00000000c5100000)
 Metaspace       used 66099K, capacity 68332K, committed 68520K, reserved 1110016K
  class space    used 8341K, capacity 8817K, committed 8872K, reserved 1048576K
GC Heap History (10 events):
Event: 722.833 GC heap before
{Heap before GC invocations=23 (full 5):
 PSYoungGen      total 183296K, used 155136K [0x00000000eab00000, 0x00000000f7a00000, 0x0000000100000000)
  eden space 155136K, 100% used [0x00000000eab00000,0x00000000f4280000,0x00000000f4280000)
  from space 28160K, 0% used [0x00000000f4280000,0x00000000f4280000,0x00000000f5e00000)
  to   space 28160K, 0% used [0x00000000f5e80000,0x00000000f5e80000,0x00000000f7a00000)
 ParOldGen       total 82944K, used 45110K [0x00000000c0000000, 0x00000000c5100000, 0x00000000eab00000)
  object space 82944K, 54% used [0x00000000c0000000,0x00000000c2c0db78,0x00000000c5100000)
 Metaspace       used 64698K, capacity 66418K, committed 66472K, reserved 1107968K
  class space    used 8182K, capacity 8585K, committed 8616K, reserved 1048576K
Event: 723.165 GC heap after
Heap after GC invocations=23 (full 5):
 PSYoungGen      total 183296K, used 17555K [0x00000000eab00000, 0x00000000f9a00000, 0x0000000100000000)
  eden space 155136K, 0% used [0x00000000eab00000,0x00000000eab00000,0x00000000f4280000)
  from space 28160K, 62% used [0x00000000f5e80000,0x00000000f6fa4f40,0x00000000f7a00000)
  to   space 28672K, 0% used [0x00000000f4280000,0x00000000f4280000,0x00000000f5e80000)
 ParOldGen       total 82944K, used 45118K [0x00000000c0000000, 0x00000000c5100000, 0x00000000eab00000)
  object space 82944K, 54% used [0x00000000c0000000,0x00000000c2c0fb78,0x00000000c5100000)
 Metaspace       used 64698K, capacity 66418K, committed 66472K, reserved 1107968K
  class space    used 8182K, capacity 8585K, committed 8616K, reserved 1048576K
}
Event: 726.893 GC heap before
{Heap before GC invocations=24 (full 5):
 PSYoungGen      total 183296K, used 37132K [0x00000000eab00000, 0x00000000f9a00000, 0x0000000100000000)
  eden space 155136K, 12% used [0x00000000eab00000,0x00000000ebe1e448,0x00000000f4280000)
  from space 28160K, 62% used [0x00000000f5e80000,0x00000000f6fa4f40,0x00000000f7a00000)
  to   space 28672K, 0% used [0x00000000f4280000,0x00000000f4280000,0x00000000f5e80000)
 ParOldGen       total 82944K, used 45118K [0x00000000c0000000, 0x00000000c5100000, 0x00000000eab00000)
  object space 82944K, 54% used [0x00000000c0000000,0x00000000c2c0fb78,0x00000000c5100000)
 Metaspace       used 65253K, capacity 67038K, committed 67112K, reserved 1107968K
  class space    used 8260K, capacity 8683K, committed 8744K, reserved 1048576K
Event: 727.066 GC heap after
Heap after GC invocations=24 (full 5):
 PSYoungGen      total 183808K, used 10986K [0x00000000eab00000, 0x00000000f9700000, 0x0000000100000000)
  eden space 155136K, 0% used [0x00000000eab00000,0x00000000eab00000,0x00000000f4280000)
  from space 28672K, 38% used [0x00000000f4280000,0x00000000f4d3a850,0x00000000f5e80000)
  to   space 27136K, 0% used [0x00000000f7c80000,0x00000000f7c80000,0x00000000f9700000)
 ParOldGen       total 82944K, used 45134K [0x00000000c0000000, 0x00000000c5100000, 0x00000000eab00000)
  object space 82944K, 54% used [0x00000000c0000000,0x00000000c2c13b78,0x00000000c5100000)
 Metaspace       used 65253K, capacity 67038K, committed 67112K, reserved 1107968K
  class space    used 8260K, capacity 8683K, committed 8744K, reserved 1048576K
}
Event: 727.066 GC heap before
{Heap before GC invocations=25 (full 6):
 PSYoungGen      total 183808K, used 10986K [0x00000000eab00000, 0x00000000f9700000, 0x0000000100000000)
  eden space 155136K, 0% used [0x00000000eab00000,0x00000000eab00000,0x00000000f4280000)
  from space 28672K, 38% used [0x00000000f4280000,0x00000000f4d3a850,0x00000000f5e80000)
  to   space 27136K, 0% used [0x00000000f7c80000,0x00000000f7c80000,0x00000000f9700000)
 ParOldGen       total 82944K, used 45134K [0x00000000c0000000, 0x00000000c5100000, 0x00000000eab00000)
  object space 82944K, 54% used [0x00000000c0000000,0x00000000c2c13b78,0x00000000c5100000)
 Metaspace       used 65253K, capacity 67038K, committed 67112K, reserved 1107968K
  class space    used 8260K, capacity 8683K, committed 8744K, reserved 1048576K
Event: 732.042 GC heap after
Heap after GC invocations=25 (full 6):
 PSYoungGen      total 183808K, used 0K [0x00000000eab00000, 0x00000000f9700000, 0x0000000100000000)
  eden space 155136K, 0% used [0x00000000eab00000,0x00000000eab00000,0x00000000f4280000)
  from space 28672K, 0% used [0x00000000f4280000,0x00000000f4280000,0x00000000f5e80000)
  to   space 27136K, 0% used [0x00000000f7c80000,0x00000000f7c80000,0x00000000f9700000)
 ParOldGen       total 82944K, used 53385K [0x00000000c0000000, 0x00000000c5100000, 0x00000000eab00000)
  object space 82944K, 64% used [0x00000000c0000000,0x00000000c3422590,0x00000000c5100000)
 Metaspace       used 65253K, capacity 67038K, committed 67112K, reserved 1107968K
  class space    used 8260K, capacity 8683K, committed 8744K, reserved 1048576K
}
Event: 1124.137 GC heap before
{Heap before GC invocations=26 (full 6):
 PSYoungGen      total 183808K, used 72144K [0x00000000eab00000, 0x00000000f9700000, 0x0000000100000000)
  eden space 155136K, 46% used [0x00000000eab00000,0x00000000ef1742a8,0x00000000f4280000)
  from space 28672K, 0% used [0x00000000f4280000,0x00000000f4280000,0x00000000f5e80000)
  to   space 27136K, 0% used [0x00000000f7c80000,0x00000000f7c80000,0x00000000f9700000)
 ParOldGen       total 82944K, used 53385K [0x00000000c0000000, 0x00000000c5100000, 0x00000000eab00000)
  object space 82944K, 64% used [0x00000000c0000000,0x00000000c3422590,0x00000000c5100000)
 Metaspace       used 65984K, capacity 68272K, committed 68520K, reserved 1110016K
  class space    used 8358K, capacity 8846K, committed 8872K, reserved 1048576K
Event: 1124.453 GC heap after
Heap after GC invocations=26 (full 6):
 PSYoungGen      total 213504K, used 6004K [0x00000000eab00000, 0x00000000f9600000, 0x0000000100000000)
  eden space 187392K, 0% used [0x00000000eab00000,0x00000000eab00000,0x00000000f6200000)
  from space 26112K, 22% used [0x00000000f7c80000,0x00000000f825d340,0x00000000f9600000)
  to   space 26624K, 0% used [0x00000000f6200000,0x00000000f6200000,0x00000000f7c00000)
 ParOldGen       total 82944K, used 53393K [0x00000000c0000000, 0x00000000c5100000, 0x00000000eab00000)
  object space 82944K, 64% used [0x00000000c0000000,0x00000000c3424590,0x00000000c5100000)
 Metaspace       used 65984K, capacity 68272K, committed 68520K, reserved 1110016K
  class space    used 8358K, capacity 8846K, committed 8872K, reserved 1048576K
}
Event: 1124.453 GC heap before
{Heap before GC invocations=27 (full 7):
 PSYoungGen      total 213504K, used 6004K [0x00000000eab00000, 0x00000000f9600000, 0x0000000100000000)
  eden space 187392K, 0% used [0x00000000eab00000,0x00000000eab00000,0x00000000f6200000)
  from space 26112K, 22% used [0x00000000f7c80000,0x00000000f825d340,0x00000000f9600000)
  to   space 26624K, 0% used [0x00000000f6200000,0x00000000f6200000,0x00000000f7c00000)
 ParOldGen       total 82944K, used 53393K [0x00000000c0000000, 0x00000000c5100000, 0x00000000eab00000)
  object space 82944K, 64% used [0x00000000c0000000,0x00000000c3424590,0x00000000c5100000)
 Metaspace       used 65984K, capacity 68272K, committed 68520K, reserved 1110016K
  class space    used 8358K, capacity 8846K, committed 8872K, reserved 1048576K
Event: 1128.192 GC heap after
Heap after GC invocations=27 (full 7):
 PSYoungGen      total 213504K, used 0K [0x00000000eab00000, 0x00000000f9600000, 0x0000000100000000)
  eden space 187392K, 0% used [0x00000000eab00000,0x00000000eab00000,0x00000000f6200000)
  from space 26112K, 0% used [0x00000000f7c80000,0x00000000f7c80000,0x00000000f9600000)
  to   space 26624K, 0% used [0x00000000f6200000,0x00000000f6200000,0x00000000f7c00000)
 ParOldGen       total 82944K, used 45563K [0x00000000c0000000, 0x00000000c5100000, 0x00000000eab00000)
  object space 82944K, 54% used [0x00000000c0000000,0x00000000c2c7ef40,0x00000000c5100000)
 Metaspace       used 65877K, capacity 68104K, committed 68520K, reserved 1110016K
  class space    used 8338K, capacity 8811K, committed 8872K, reserved 1048576K
}

